[04-08 14:48:30] [client.cc:330] prettier - .trunk\trunk.yaml
[04-08 15:57:58] [login.cc:52] GetUserRequest failed with status 16: Invalid token received 
[04-08 18:35:41] [login.cc:52] GetUserRequest failed with status 16: Invalid token received 
[04-09 11:45:35] [upgrade.cc:225] Error during upgrade --notify: cli: 1 linter: 0 plugin: 0 runtime: 0
[04-09 11:45:35] [upgrade.cc:225] Error during upgrade --notify: cli: 1 linter: 0 plugin: 0 runtime: 0
[04-15 20:21:51] [login.cc:52] GetUserRequest failed with status 16: Invalid token received 
[04-16 10:04:48] [upgrade.cc:225] Error during upgrade --notify: cli: 1 linter: 0 plugin: 0 runtime: 0
[04-16 11:02:56] [upgrade.cc:225] Error during upgrade --notify: cli: 1 linter: 0 plugin: 0 runtime: 0
[04-16 20:21:45] [login.cc:52] GetUserRequest failed with status 16: No session provided 
[04-17 07:08:10] [client.cc:19] GRPC Failed (error code UNAVAILABLE): failed to connect to all addresses; last error: UNAVAILABLE: ipv4:127.0.0.1:48375: WSAGetOverlappedResult: Connection refused (No connection could be made because the target machine actively refused it.
 -- 10061)
[04-17 07:08:10] [sentry.cc:364] Trunk Internal Error
---
trunk_cli_version: 1.22.12
title: Internal trunk error occurred. Please report this issue to us @ https://slack.trunk.io
report:
  - "failed to connect to all addresses; last error: UNAVAILABLE: ipv4:127.0.0.1:48375: WSAGetOverlappedResult: Connection refused (No connection could be made because the target machine actively refused it.\r\n -- 10061)"
[04-17 07:08:15] [client.cc:19] GRPC Failed (error code UNAVAILABLE): failed to connect to all addresses; last error: UNAVAILABLE: ipv4:127.0.0.1:48375: WSAGetOverlappedResult: Connection refused (No connection could be made because the target machine actively refused it.
 -- 10061)
[04-17 07:08:15] [sentry.cc:364] Trunk Internal Error
---
trunk_cli_version: 1.22.12
title: Internal trunk error occurred. Please report this issue to us @ https://slack.trunk.io
report:
  - "failed to connect to all addresses; last error: UNAVAILABLE: ipv4:127.0.0.1:48375: WSAGetOverlappedResult: Connection refused (No connection could be made because the target machine actively refused it.\r\n -- 10061)"
[04-17 12:58:19] [login.cc:52] GetUserRequest failed with status 16: No session provided 
